2022-09-15T21:35:18,006 [main] INFO  (Log.java:14) - ------Home Page Launched Successfully--------
2022-09-15T21:35:18,010 [main] INFO  (Log.java:14) - ------User clicks on Men > Boots--------
[INFO ] 2022-09-15 21:39:06.605 [main] Log - ------Home Page Launched Successfully--------
[INFO ] 2022-09-15 21:39:06.609 [main] Log - ------User clicks on Men > Boots--------
[INFO ] 2022-09-15 22:29:01.665 [main] Log - ------Home Page Launched Successfully--------
[INFO ] 2022-09-15 22:30:06.899 [main] Log - ------Home Page Launched Successfully--------
[INFO ] 2022-09-15 22:30:06.904 [main] Log - User clicks on Boots under Men
[INFO ] 2022-09-15 22:31:43.663 [main] Log - ------Home Page Launched Successfully--------
[INFO ] 2022-09-15 22:31:43.670 [main] Log - User clicks on Boots under Men
[INFO ] 2022-09-15 22:33:26.624 [main] Log - ------Home Page Launched Successfully--------
[INFO ] 2022-09-15 22:33:26.629 [main] Log - User clicks on Boots under Men
[INFO ] 2022-09-15 23:07:18.054 [main] Log - ------Home Page Launched Successfully--------
[INFO ] 2022-09-15 23:09:31.395 [main] Log - ------Home Page Launched Successfully--------
[INFO ] 2022-09-15 23:09:32.808 [main] Log - User clicks on Boots under Men
[INFO ] 2022-09-15 23:11:21.369 [main] Log - ------Home Page Launched Successfully--------
[INFO ] 2022-09-15 23:11:21.655 [main] Log - User clicks on Boots under Men
[INFO ] 2022-09-15 23:12:59.362 [main] Log - ------Home Page Launched Successfully--------
[INFO ] 2022-09-15 23:13:00.544 [main] Log - User clicks on Boots under Men
[INFO ] 2022-09-15 23:14:15.349 [main] Log - ------Home Page Launched Successfully--------
[INFO ] 2022-09-15 23:14:17.260 [main] Log - User clicks on Boots under Men
[INFO ] 2022-09-15 23:16:27.830 [main] Log - ------Home Page Launched Successfully--------
[INFO ] 2022-09-15 23:16:29.542 [main] Log - User clicks on Boots under Men
[INFO ] 2022-09-15 23:17:45.380 [main] Log - ------Home Page Launched Successfully--------
[INFO ] 2022-09-15 23:17:47.285 [main] Log - User clicks on Boots under Men
[INFO ] 2022-09-15 23:18:53.457 [main] Log - ------Home Page Launched Successfully--------
[INFO ] 2022-09-15 23:18:54.953 [main] Log - User clicks on Boots under Men
[INFO ] 2022-09-15 23:19:35.890 [main] Log - ------Home Page Launched Successfully--------
[INFO ] 2022-09-15 23:19:37.761 [main] Log - User clicks on Boots under Men
[INFO ] 2022-09-15 23:29:59.746 [main] Log - ------Home Page Launched Successfully--------
[INFO ] 2022-09-15 23:30:01.334 [main] Log - User clicks on Boots under Men
[INFO ] 2022-09-15 23:34:33.356 [main] Log - ------Home Page Launched Successfully--------
[INFO ] 2022-09-15 23:34:34.525 [main] Log - User clicks on Boots under Men
[INFO ] 2022-09-15 23:42:26.879 [main] Log - ------Home Page Launched Successfully--------
[INFO ] 2022-09-15 23:42:29.072 [main] Log - User clicks on Boots under Men
[INFO ] 2022-09-15 23:44:18.961 [main] Log - ------Home Page Launched Successfully--------
[INFO ] 2022-09-15 23:44:20.687 [main] Log - User clicks on Boots under Men
[INFO ] 2022-09-15 23:46:30.903 [main] Log - ------Home Page Launched Successfully--------
[INFO ] 2022-09-15 23:46:32.793 [main] Log - User clicks on Boots under Men
[INFO ] 2022-09-15 23:46:50.868 [main] Log - ------Home Page Launched Successfully--------
[INFO ] 2022-09-15 23:46:52.949 [main] Log - User clicks on Boots under Men
[INFO ] 2022-09-15 23:48:34.341 [main] Log - ------Home Page Launched Successfully--------
[INFO ] 2022-09-15 23:49:03.767 [main] Log - ------Home Page Launched Successfully--------
[INFO ] 2022-09-15 23:49:04.968 [main] Log - User clicks on Boots under Men
[INFO ] 2022-09-15 23:50:12.164 [main] Log - ------Home Page Launched Successfully--------
[INFO ] 2022-09-15 23:50:13.800 [main] Log - User clicks on Boots under Men
[INFO ] 2022-09-15 23:54:49.771 [main] Log - ------Home Page Launched Successfully--------
[INFO ] 2022-09-15 23:54:51.527 [main] Log - User clicks on Boots under Men
